<?xml version="1.0" encoding="UTF-8"?>
<!-- Generated by org.testng.reporters.JUnitReportReporter -->
<testsuite hostname="DESKTOP-JF3CUIR" failures="0" tests="1" name="rest.publicapi.calls.PutResources" time="0.433" errors="0" timestamp="2023-02-25T15:55:39 IST" skipped="0">
  <testcase classname="rest.publicapi.calls.PutResources" name="putResourcesCall" time="0.433"/>
  <system-out/>
</testsuite> <!-- rest.publicapi.calls.PutResources -->
