<?xml version="1.0" encoding="UTF-8"?>
<!-- Generated by org.testng.reporters.JUnitReportReporter -->
<testsuite hostname="DESKTOP-JF3CUIR" failures="0" tests="1" name="rest.publicapi.calls.DeleteResources" time="1.784" errors="0" timestamp="2023-02-25T15:55:39 IST" skipped="0">
  <testcase classname="rest.publicapi.calls.DeleteResources" name="deleteResurcesCall" time="1.784"/>
  <system-out/>
</testsuite> <!-- rest.publicapi.calls.DeleteResources -->
