<?xml version="1.0" encoding="UTF-8"?>
<!-- Generated by org.testng.reporters.JUnitReportReporter -->
<testsuite hostname="DESKTOP-JF3CUIR" failures="0" tests="1" name="rest.publicapi.calls.PostResponseTest" time="0.424" errors="0" timestamp="2023-03-09T05:29:22 IST" skipped="0">
  <testcase classname="rest.publicapi.calls.PostResponseTest" name="postResponseCall" time="0.424"/>
  <system-out/>
</testsuite> <!-- rest.publicapi.calls.PostResponseTest -->
